<?xml version="1.0" encoding="UTF-8"?>
<!-- Generated by org.testng.reporters.JUnitXMLReporter -->
<testsuite ignored="0" hostname="MSI" failures="0" tests="4" name="Default test" time="12.336" errors="0" timestamp="2024-03-31T23:57:50 IST">
  <testcase classname="api.testcases.UserTest2CreatedtotakeURLSfromPropertiesFile" name="createTestUser" time="3.274"/>
  <testcase classname="api.testcases.UserTest2CreatedtotakeURLSfromPropertiesFile" name="testGetUserData" time="1.984"/>
  <testcase classname="api.testcases.UserTest2CreatedtotakeURLSfromPropertiesFile" name="testUpdateUser" time="4.382"/>
  <testcase classname="api.testcases.UserTest2CreatedtotakeURLSfromPropertiesFile" name="testDeleteUser" time="2.046"/>
</testsuite> <!-- Default test -->
