<?xml version="1.0" encoding="UTF-8"?>
<!-- Generated by org.testng.reporters.JUnitXMLReporter -->
<testsuite ignored="0" hostname="MSI" failures="0" tests="9" name="Default test" time="19.995" errors="0" timestamp="2024-04-01T21:32:45 IST">
  <testcase classname="api.testcases.UserTestDD" name="testCreateUser" time="3.242"/>
  <testcase classname="api.testcases.UserTestDD" name="testCreateUser" time="1.984"/>
  <testcase classname="api.testcases.UserTestDD" name="testCreateUser" time="2.264"/>
  <testcase classname="api.testcases.UserTestDD" name="testGetUserData" time="1.89"/>
  <testcase classname="api.testcases.UserTestDD" name="testGetUserData" time="1.582"/>
  <testcase classname="api.testcases.UserTestDD" name="testGetUserData" time="2.184"/>
  <testcase classname="api.testcases.UserTestDD" name="testDeleteUser" time="1.674"/>
  <testcase classname="api.testcases.UserTestDD" name="testDeleteUser" time="1.956"/>
  <testcase classname="api.testcases.UserTestDD" name="testDeleteUser" time="1.74"/>
</testsuite> <!-- Default test -->
