<?xml version="1.0" encoding="UTF-8"?>
<!-- Generated by org.testng.reporters.JUnitXMLReporter -->
<testsuite ignored="0" hostname="MSI" failures="2" tests="6" name="Test" time="12.694" errors="0" timestamp="2024-03-31T23:39:02 IST">
  <testcase classname="api.testcases.UserTest" name="createTestUser" time="3.43"/>
  <testcase classname="api.testcases.UserTest" name="testGetUserData" time="2.134"/>
  <testcase classname="api.testcases.UserTest" name="testUpdateUser" time="3.999"/>
  <testcase classname="api.testcases.UserTest" name="testDeleteUser" time="2.136"/>
  <testcase classname="api.testcases.UserTestDD" name="createTestUser" time="0.0">
    <failure type="org.testng.TestNGException" message="
Method public void api.testcases.UserTestDD.createTestUser(java.lang.String,java.lang.String,java.lang.String,java.lang.String,java.lang.String,java.lang.String,java.lang.String) requires a @DataProvider named : Alldata in class api.utilities.DataProviders">
      <![CDATA[org.testng.TestNGException: 
Method public void api.testcases.UserTestDD.createTestUser(java.lang.String,java.lang.String,java.lang.String,java.lang.String,java.lang.String,java.lang.String,java.lang.String) requires a @DataProvider named : Alldata in class api.utilities.DataProviders
at java.base/java.util.ArrayList.forEach(ArrayList.java:1511)
... Removed 24 stack frames]]>
    </failure>
  </testcase> <!-- createTestUser -->
  <testcase classname="api.testcases.UserTestDD" name="testDeleteUser" time="0.0">
    <failure type="org.testng.TestNGException" message="
Method public void api.testcases.UserTestDD.testDeleteUser(java.lang.String) requires a @DataProvider named : UserNameData in class api.utilities.DataProviders">
      <![CDATA[org.testng.TestNGException: 
Method public void api.testcases.UserTestDD.testDeleteUser(java.lang.String) requires a @DataProvider named : UserNameData in class api.utilities.DataProviders
at java.base/java.util.ArrayList.forEach(ArrayList.java:1511)
... Removed 24 stack frames]]>
    </failure>
  </testcase> <!-- testDeleteUser -->
</testsuite> <!-- Test -->
