<?xml version="1.0" encoding="UTF-8"?>
<testng-results ignored="0" total="4" passed="4" failed="0" skipped="0">
  <reporter-output>
  </reporter-output>
  <suite started-at="2024-03-31T23:57:38 IST" name="Default suite" finished-at="2024-03-31T23:57:50 IST" duration-ms="12336">
    <groups>
    </groups>
    <test started-at="2024-03-31T23:57:38 IST" name="Default test" finished-at="2024-03-31T23:57:50 IST" duration-ms="12336">
      <class name="api.testcases.UserTest2CreatedtotakeURLSfromPropertiesFile">
        <test-method is-config="true" signature="generateTestData()[pri:0, instance:api.testcases.UserTest2CreatedtotakeURLSfromPropertiesFile@4c583ecf]" started-at="2024-03-31T23:57:38 IST" name="generateTestData" finished-at="2024-03-31T23:57:38 IST" duration-ms="608" status="PASS">
          <reporter-output>
          </reporter-output>
        </test-method> <!-- generateTestData -->
        <test-method signature="createTestUser()[pri:1, instance:api.testcases.UserTest2CreatedtotakeURLSfromPropertiesFile@4c583ecf]" started-at="2024-03-31T23:57:39 IST" name="createTestUser" finished-at="2024-03-31T23:57:42 IST" duration-ms="3274" status="PASS">
          <reporter-output>
          </reporter-output>
        </test-method> <!-- createTestUser -->
        <test-method signature="testGetUserData()[pri:2, instance:api.testcases.UserTest2CreatedtotakeURLSfromPropertiesFile@4c583ecf]" started-at="2024-03-31T23:57:42 IST" name="testGetUserData" finished-at="2024-03-31T23:57:44 IST" duration-ms="1984" status="PASS">
          <reporter-output>
          </reporter-output>
        </test-method> <!-- testGetUserData -->
        <test-method signature="testUpdateUser()[pri:3, instance:api.testcases.UserTest2CreatedtotakeURLSfromPropertiesFile@4c583ecf]" started-at="2024-03-31T23:57:44 IST" name="testUpdateUser" finished-at="2024-03-31T23:57:48 IST" duration-ms="4382" status="PASS">
          <reporter-output>
          </reporter-output>
        </test-method> <!-- testUpdateUser -->
        <test-method signature="testDeleteUser()[pri:4, instance:api.testcases.UserTest2CreatedtotakeURLSfromPropertiesFile@4c583ecf]" started-at="2024-03-31T23:57:48 IST" name="testDeleteUser" finished-at="2024-03-31T23:57:50 IST" duration-ms="2046" status="PASS">
          <reporter-output>
          </reporter-output>
        </test-method> <!-- testDeleteUser -->
      </class> <!-- api.testcases.UserTest2CreatedtotakeURLSfromPropertiesFile -->
    </test> <!-- Default test -->
  </suite> <!-- Default suite -->
</testng-results>
